C51 COMPILER V9.53.0.0   HELLOWORLD                                                        01/06/2016 13:29:21 PAGE 1   


C51 COMPILER V9.53.0.0, COMPILATION OF MODULE HELLOWORLD
OBJECT MODULE PLACED IN HelloWorld.OBJ
COMPILER INVOKED BY: C:\Keil\C51\BIN\C51.EXE HelloWorld.c OPTIMIZE(8,SPEED) BROWSE DEBUG OBJECTEXTEND TABS(2)

line level    source

   1          #include <AT89X51.H>
   2          #include <stdio.h>
   3          
   4          void main(void){
   5   1        SCON = 0x50;
   6   1        TMOD = 0x20;
   7   1        TCON = 0x40;
   8   1        TH1 = 0xE8;
   9   1        TL1 = 0xE8;
  10   1        TI = 1;
  11   1        TR1 = 1;
  12   1      
  13   1        while(1){
  14   2          printf("Hello World!\n");
  15   2        }
  16   1      }


MODULE INFORMATION:   STATIC OVERLAYABLE
   CODE SIZE        =     30    ----
   CONSTANT SIZE    =     14    ----
   XDATA SIZE       =   ----    ----
   PDATA SIZE       =   ----    ----
   DATA SIZE        =   ----    ----
   IDATA SIZE       =   ----    ----
   BIT SIZE         =   ----    ----
END OF MODULE INFORMATION.


C51 COMPILATION COMPLETE.  0 WARNING(S),  0 ERROR(S)
