C51 COMPILER V9.53.0.0   CLOCK                                                             01/07/2016 13:51:55 PAGE 1   


C51 COMPILER V9.53.0.0, COMPILATION OF MODULE CLOCK
OBJECT MODULE PLACED IN Clock.OBJ
COMPILER INVOKED BY: C:\Keil\C51\BIN\C51.EXE Clock.c OPTIMIZE(8,SPEED) BROWSE DEBUG OBJECTEXTEND TABS(2)

line level    source

   1          #include <AT89X51.h>
   2          #include <stdio.h>
   3          
   4          void main(void){
   5   1        
   6   1      }


MODULE INFORMATION:   STATIC OVERLAYABLE
   CODE SIZE        =      1    ----
   CONSTANT SIZE    =   ----    ----
   XDATA SIZE       =   ----    ----
   PDATA SIZE       =   ----    ----
   DATA SIZE        =   ----    ----
   IDATA SIZE       =   ----    ----
   BIT SIZE         =   ----    ----
END OF MODULE INFORMATION.


C51 COMPILATION COMPLETE.  0 WARNING(S),  0 ERROR(S)
